2018-11-07 18:56:47 [scrapy.utils.log] INFO: Scrapy 1.5.1 started (bot: scrapy_app)
2018-11-07 18:56:47 [scrapy.utils.log] INFO: Versions: lxml 4.2.5.0, libxml2 2.9.8, cssselect 1.0.3, parsel 1.5.1, w3lib 1.19.0, Twisted 18.9.0, Python 3.6.5 (default, Apr  1 2018, 05:46:30) - [GCC 7.3.0], pyOpenSSL 18.0.0 (OpenSSL 1.1.0i  14 Aug 2018), cryptography 2.3.1, Platform Linux-4.15.0-36-generic-x86_64-with-Ubuntu-18.04-bionic
2018-11-07 18:56:47 [scrapy.crawler] INFO: Overridden settings: {'BOT_NAME': 'scrapy_app', 'LOG_FILE': 'logs/default/onlineshopping/ddca71f0e2be11e882a32c768add6b27.log', 'NEWSPIDER_MODULE': 'scrapy_app.spiders', 'ROBOTSTXT_OBEY': True, 'SPIDER_MODULES': ['scrapy_app.spiders'], 'USER_AGENT': 'Mozilla/5.0 (compatible; Googlebot/2.1; +http://www.google.com/bot.html)'}
2018-11-07 18:56:47 [scrapy.middleware] INFO: Enabled extensions:
['scrapy.extensions.corestats.CoreStats',
 'scrapy.extensions.telnet.TelnetConsole',
 'scrapy.extensions.memusage.MemoryUsage',
 'scrapy.extensions.logstats.LogStats']
2018-11-07 18:56:47 [scrapy.middleware] INFO: Enabled downloader middlewares:
['scrapy.downloadermiddlewares.robotstxt.RobotsTxtMiddleware',
 'scrapy.downloadermiddlewares.httpauth.HttpAuthMiddleware',
 'scrapy.downloadermiddlewares.downloadtimeout.DownloadTimeoutMiddleware',
 'scrapy.downloadermiddlewares.defaultheaders.DefaultHeadersMiddleware',
 'scrapy.downloadermiddlewares.useragent.UserAgentMiddleware',
 'scrapy.downloadermiddlewares.retry.RetryMiddleware',
 'scrapy.downloadermiddlewares.redirect.MetaRefreshMiddleware',
 'scrapy.downloadermiddlewares.httpcompression.HttpCompressionMiddleware',
 'scrapy.downloadermiddlewares.redirect.RedirectMiddleware',
 'scrapy.downloadermiddlewares.cookies.CookiesMiddleware',
 'scrapy.downloadermiddlewares.httpproxy.HttpProxyMiddleware',
 'scrapy.downloadermiddlewares.stats.DownloaderStats']
2018-11-07 18:56:47 [scrapy.middleware] INFO: Enabled spider middlewares:
['scrapy.spidermiddlewares.httperror.HttpErrorMiddleware',
 'scrapy.spidermiddlewares.offsite.OffsiteMiddleware',
 'scrapy.spidermiddlewares.referer.RefererMiddleware',
 'scrapy.spidermiddlewares.urllength.UrlLengthMiddleware',
 'scrapy.spidermiddlewares.depth.DepthMiddleware']
2018-11-07 18:56:47 [scrapy.middleware] INFO: Enabled item pipelines:
['scrapy_app.pipelines.ScrapyAppPipeline']
2018-11-07 18:56:47 [scrapy.core.engine] INFO: Spider opened
2018-11-07 18:56:47 [scrapy.extensions.logstats] INFO: Crawled 0 pages (at 0 pages/min), scraped 0 items (at 0 items/min)
2018-11-07 18:56:47 [scrapy.extensions.telnet] DEBUG: Telnet console listening on 127.0.0.1:6023
2018-11-07 18:56:47 [scrapy.downloadermiddlewares.retry] DEBUG: Retrying <GET https://www.jumia.com.eg/robots.txt> (failed 1 times): DNS lookup failed: no results for hostname lookup: www.jumia.com.eg.
2018-11-07 18:56:47 [scrapy.downloadermiddlewares.retry] DEBUG: Retrying <GET https://www.jumia.com.eg/robots.txt> (failed 2 times): DNS lookup failed: no results for hostname lookup: www.jumia.com.eg.
2018-11-07 18:56:47 [scrapy.downloadermiddlewares.retry] DEBUG: Gave up retrying <GET https://www.jumia.com.eg/robots.txt> (failed 3 times): DNS lookup failed: no results for hostname lookup: www.jumia.com.eg.
2018-11-07 18:56:47 [scrapy.downloadermiddlewares.robotstxt] ERROR: Error downloading <GET https://www.jumia.com.eg/robots.txt>: DNS lookup failed: no results for hostname lookup: www.jumia.com.eg.
Traceback (most recent call last):
  File "/home/asmaa/Desktop/Asmaa/Work/scrapy/env/lib/python3.6/site-packages/twisted/internet/defer.py", line 1416, in _inlineCallbacks
    result = result.throwExceptionIntoGenerator(g)
  File "/home/asmaa/Desktop/Asmaa/Work/scrapy/env/lib/python3.6/site-packages/twisted/python/failure.py", line 491, in throwExceptionIntoGenerator
    return g.throw(self.type, self.value, self.tb)
  File "/home/asmaa/Desktop/Asmaa/Work/scrapy/env/lib/python3.6/site-packages/scrapy/core/downloader/middleware.py", line 43, in process_request
    defer.returnValue((yield download_func(request=request,spider=spider)))
  File "/home/asmaa/Desktop/Asmaa/Work/scrapy/env/lib/python3.6/site-packages/twisted/internet/defer.py", line 654, in _runCallbacks
    current.result = callback(current.result, *args, **kw)
  File "/home/asmaa/Desktop/Asmaa/Work/scrapy/env/lib/python3.6/site-packages/twisted/internet/endpoints.py", line 975, in startConnectionAttempts
    "no results for hostname lookup: {}".format(self._hostStr)
twisted.internet.error.DNSLookupError: DNS lookup failed: no results for hostname lookup: www.jumia.com.eg.
2018-11-07 18:56:47 [scrapy.downloadermiddlewares.retry] DEBUG: Retrying <GET https://www.jumia.com.eg/?gclid=EAIaIQobChMIwuGavsW-3gIVLJPtCh18CQrbEAAYASAAEgIa-_D_BwE> (failed 1 times): DNS lookup failed: no results for hostname lookup: www.jumia.com.eg.
2018-11-07 18:56:47 [scrapy.downloadermiddlewares.retry] DEBUG: Retrying <GET https://www.jumia.com.eg/?gclid=EAIaIQobChMIwuGavsW-3gIVLJPtCh18CQrbEAAYASAAEgIa-_D_BwE> (failed 2 times): DNS lookup failed: no results for hostname lookup: www.jumia.com.eg.
2018-11-07 18:56:47 [scrapy.downloadermiddlewares.retry] DEBUG: Gave up retrying <GET https://www.jumia.com.eg/?gclid=EAIaIQobChMIwuGavsW-3gIVLJPtCh18CQrbEAAYASAAEgIa-_D_BwE> (failed 3 times): DNS lookup failed: no results for hostname lookup: www.jumia.com.eg.
2018-11-07 18:56:47 [scrapy.core.scraper] ERROR: Error downloading <GET https://www.jumia.com.eg/?gclid=EAIaIQobChMIwuGavsW-3gIVLJPtCh18CQrbEAAYASAAEgIa-_D_BwE>
Traceback (most recent call last):
  File "/home/asmaa/Desktop/Asmaa/Work/scrapy/env/lib/python3.6/site-packages/twisted/internet/defer.py", line 1416, in _inlineCallbacks
    result = result.throwExceptionIntoGenerator(g)
  File "/home/asmaa/Desktop/Asmaa/Work/scrapy/env/lib/python3.6/site-packages/twisted/python/failure.py", line 491, in throwExceptionIntoGenerator
    return g.throw(self.type, self.value, self.tb)
  File "/home/asmaa/Desktop/Asmaa/Work/scrapy/env/lib/python3.6/site-packages/scrapy/core/downloader/middleware.py", line 43, in process_request
    defer.returnValue((yield download_func(request=request,spider=spider)))
  File "/home/asmaa/Desktop/Asmaa/Work/scrapy/env/lib/python3.6/site-packages/twisted/internet/defer.py", line 654, in _runCallbacks
    current.result = callback(current.result, *args, **kw)
  File "/home/asmaa/Desktop/Asmaa/Work/scrapy/env/lib/python3.6/site-packages/twisted/internet/endpoints.py", line 975, in startConnectionAttempts
    "no results for hostname lookup: {}".format(self._hostStr)
twisted.internet.error.DNSLookupError: DNS lookup failed: no results for hostname lookup: www.jumia.com.eg.
2018-11-07 18:56:47 [scrapy.core.engine] INFO: Closing spider (finished)
2018-11-07 18:56:47 [scrapy.statscollectors] INFO: Dumping Scrapy stats:
{'downloader/exception_count': 6,
 'downloader/exception_type_count/twisted.internet.error.DNSLookupError': 6,
 'downloader/request_bytes': 1734,
 'downloader/request_count': 6,
 'downloader/request_method_count/GET': 6,
 'finish_reason': 'finished',
 'finish_time': datetime.datetime(2018, 11, 7, 18, 56, 47, 638470),
 'log_count/DEBUG': 7,
 'log_count/ERROR': 2,
 'log_count/INFO': 7,
 'memusage/max': 68030464,
 'memusage/startup': 68030464,
 'retry/count': 4,
 'retry/max_reached': 2,
 'retry/reason_count/twisted.internet.error.DNSLookupError': 4,
 'scheduler/dequeued': 3,
 'scheduler/dequeued/memory': 3,
 'scheduler/enqueued': 3,
 'scheduler/enqueued/memory': 3,
 'start_time': datetime.datetime(2018, 11, 7, 18, 56, 47, 185847)}
2018-11-07 18:56:47 [scrapy.core.engine] INFO: Spider closed (finished)
